QoMMMa job starts at   Tue Jul 11 03:40:00 2017
  and running in node  ('Linux', 'MMNL09', '4.4.0-83-generic', '#106-Ubuntu SMP Mon Jun 26 17:54:43 UTC 2017', 'x86_64')

Note, default force field parameter file is charmm27.prm, this could be changed or modified through mmkey in user input

Following QM atoms list is generated from qmread module in qomutil based on user input given in qm_lst key. If this list is not the one as you except check qm_lst input or break QoMMMa calculation and give your full QM atom list using qm key. Note, to use this key, if your atom name consist of two characters then use small case for second character in tinker xyz (initial geometry) file. For example; Fe, Cl, He (for iron, chlorine, helium) is correct but FE, CL,HE is not correct.

    21         C

    22         H

    23         H

    24         N

    25         H

    26         N

    27         N

    28         C

    29         C

    30         O

    31         N

    32         H

    33         C

    34         O

    35         C

    36         C

    37         C

    38         H

    39         C

    40         C

    41         H

    42         H

    43         H

    44         C

    45         C

    46         H

    47         H

    48         H

    49         C

    50         C

    51         H

    52         O

    53         O

   747         C

   748         C

   749         N

   750         C

   751         C

   752         N

   753         H

   754         H

   755         H

   756         H

   757         H

   758         H

Total number of QM atoms in the above list : 45

No MM atom is included in Hessian optimization

Note, to provide constrain details try to use 'constrain_lst' option (see manual), instead of 'constrain'. Since 'constrain' option will be removed in the next version of QoMMMa.

Number of  Inactive atoms is 5447

About to run Gaussian job at cycle : 1  for image : 1

About to run QM/MM optimization cyle :1

About to run Microoptimization of geometry :1

About to run Gaussian job at cycle : 2  for image : 1

About to run QM/MM optimization cyle :2

About to run Microoptimization of geometry :1

About to run Gaussian job at cycle : 3  for image : 1

About to run QM/MM optimization cyle :3

About to run Microoptimization of geometry :1

About to run Gaussian job at cycle : 4  for image : 1

About to run QM/MM optimization cyle :4

About to run Microoptimization of geometry :1

About to run Gaussian job at cycle : 5  for image : 1

About to run QM/MM optimization cyle :5

About to run Microoptimization of geometry :1

About to run Gaussian job at cycle : 6  for image : 1

About to run QM/MM optimization cyle :6

About to run Microoptimization of geometry :1

About to run Gaussian job at cycle : 7  for image : 1

About to run QM/MM optimization cyle :7

About to run Microoptimization of geometry :1

About to run Gaussian job at cycle : 8  for image : 1

About to run QM/MM optimization cyle :8

About to run Microoptimization of geometry :1

About to run Gaussian job at cycle : 9  for image : 1

About to run QM/MM optimization cyle :9

About to run Microoptimization of geometry :1

About to run Gaussian job at cycle : 10  for image : 1

About to run QM/MM optimization cyle :10

About to run Microoptimization of geometry :1

About to run Gaussian job at cycle : 11  for image : 1

About to run QM/MM optimization cyle :11

About to run Microoptimization of geometry :1

About to run Gaussian job at cycle : 12  for image : 1

About to run QM/MM optimization cyle :12

About to run Microoptimization of geometry :1

About to run Gaussian job at cycle : 13  for image : 1

About to run QM/MM optimization cyle :13

About to run Microoptimization of geometry :1

About to run Gaussian job at cycle : 14  for image : 1

About to run QM/MM optimization cyle :14

About to run Microoptimization of geometry :1

About to run Gaussian job at cycle : 15  for image : 1

About to run QM/MM optimization cyle :15

About to run Microoptimization of geometry :1

About to run Gaussian job at cycle : 16  for image : 1

About to run QM/MM optimization cyle :16

About to run Microoptimization of geometry :1

About to run Gaussian job at cycle : 17  for image : 1

About to run QM/MM optimization cyle :17

About to run Microoptimization of geometry :1

About to run Gaussian job at cycle : 18  for image : 1

About to run QM/MM optimization cyle :18

About to run Microoptimization of geometry :1

About to run Gaussian job at cycle : 19  for image : 1

About to run QM/MM optimization cyle :19

About to run Microoptimization of geometry :1

About to run Gaussian job at cycle : 20  for image : 1

About to run QM/MM optimization cyle :20

About to run Microoptimization of geometry :1

About to run Gaussian job at cycle : 21  for image : 1

About to run QM/MM optimization cyle :21

About to run Microoptimization of geometry :1

About to run Gaussian job at cycle : 22  for image : 1

About to run QM/MM optimization cyle :22

About to run Microoptimization of geometry :1

About to run Gaussian job at cycle : 23  for image : 1

About to run QM/MM optimization cyle :23

About to run Microoptimization of geometry :1

About to run Gaussian job at cycle : 24  for image : 1

About to run QM/MM optimization cyle :24

About to run Microoptimization of geometry :1

About to run Gaussian job at cycle : 25  for image : 1

About to run QM/MM optimization cyle :25

About to run Microoptimization of geometry :1

About to run Gaussian job at cycle : 26  for image : 1

About to run QM/MM optimization cyle :26

About to run Microoptimization of geometry :1

About to run Gaussian job at cycle : 27  for image : 1

About to run QM/MM optimization cyle :27

About to run Microoptimization of geometry :1

About to run Gaussian job at cycle : 28  for image : 1

About to run QM/MM optimization cyle :28

About to run Microoptimization of geometry :1

About to run Gaussian job at cycle : 29  for image : 1

About to run QM/MM optimization cyle :29

About to run Microoptimization of geometry :1

About to run Gaussian job at cycle : 30  for image : 1

About to run QM/MM optimization cyle :30

About to run Microoptimization of geometry :1

About to run Gaussian job at cycle : 31  for image : 1

About to run QM/MM optimization cyle :31

About to run Microoptimization of geometry :1

About to run Gaussian job at cycle : 32  for image : 1

About to run QM/MM optimization cyle :32

About to run Microoptimization of geometry :1

About to run Gaussian job at cycle : 33  for image : 1

About to run QM/MM optimization cyle :33

About to run Microoptimization of geometry :1

About to run Gaussian job at cycle : 34  for image : 1

About to run QM/MM optimization cyle :34

About to run Microoptimization of geometry :1

About to run Gaussian job at cycle : 35  for image : 1

About to run QM/MM optimization cyle :35

About to run Microoptimization of geometry :1

About to run Gaussian job at cycle : 36  for image : 1

About to run QM/MM optimization cyle :36

About to run Microoptimization of geometry :1

About to run Gaussian job at cycle : 37  for image : 1

About to run QM/MM optimization cyle :37

About to run Microoptimization of geometry :1

About to run Gaussian job at cycle : 38  for image : 1

About to run QM/MM optimization cyle :38

About to run Microoptimization of geometry :1

About to run Gaussian job at cycle : 39  for image : 1

About to run QM/MM optimization cyle :39

About to run Microoptimization of geometry :1

About to run Gaussian job at cycle : 40  for image : 1

About to run QM/MM optimization cyle :40

About to run Microoptimization of geometry :1

About to run Gaussian job at cycle : 41  for image : 1

About to run QM/MM optimization cyle :41

About to run Microoptimization of geometry :1

About to run Gaussian job at cycle : 42  for image : 1

About to run QM/MM optimization cyle :42

About to run Microoptimization of geometry :1

About to run Gaussian job at cycle : 43  for image : 1

About to run QM/MM optimization cyle :43

About to run Microoptimization of geometry :1

About to run Gaussian job at cycle : 44  for image : 1

About to run QM/MM optimization cyle :44

About to run Microoptimization of geometry :1

About to run Gaussian job at cycle : 45  for image : 1

About to run QM/MM optimization cyle :45

About to run Microoptimization of geometry :1

About to run Gaussian job at cycle : 46  for image : 1

About to run QM/MM optimization cyle :46

About to run Microoptimization of geometry :1

About to run Gaussian job at cycle : 47  for image : 1

About to run QM/MM optimization cyle :47

About to run Microoptimization of geometry :1

About to run Gaussian job at cycle : 48  for image : 1

About to run QM/MM optimization cyle :48

About to run Microoptimization of geometry :1

About to run Gaussian job at cycle : 49  for image : 1

About to run QM/MM optimization cyle :49

About to run Microoptimization of geometry :1

About to run Gaussian job at cycle : 50  for image : 1

About to run QM/MM optimization cyle :50

About to run Microoptimization of geometry :1

About to run Gaussian job at cycle : 51  for image : 1

About to run QM/MM optimization cyle :51

About to run Microoptimization of geometry :1

About to run Gaussian job at cycle : 52  for image : 1

About to run QM/MM optimization cyle :52

About to run Microoptimization of geometry :1

About to run Gaussian job at cycle : 53  for image : 1

About to run QM/MM optimization cyle :53

About to run Microoptimization of geometry :1

About to run Gaussian job at cycle : 54  for image : 1

About to run QM/MM optimization cyle :54

About to run Microoptimization of geometry :1

About to run Gaussian job at cycle : 55  for image : 1

About to run QM/MM optimization cyle :55

About to run Microoptimization of geometry :1

About to run Gaussian job at cycle : 56  for image : 1

About to run QM/MM optimization cyle :56

About to run Microoptimization of geometry :1

About to run Gaussian job at cycle : 57  for image : 1

About to run QM/MM optimization cyle :57

About to run Microoptimization of geometry :1

About to run Gaussian job at cycle : 58  for image : 1

About to run QM/MM optimization cyle :58

About to run Microoptimization of geometry :1

About to run Gaussian job at cycle : 59  for image : 1

About to run QM/MM optimization cyle :59

About to run Microoptimization of geometry :1

About to run Gaussian job at cycle : 60  for image : 1

About to run QM/MM optimization cyle :60

About to run Microoptimization of geometry :1

About to run Gaussian job at cycle : 61  for image : 1

About to run QM/MM optimization cyle :61

About to run Microoptimization of geometry :1

About to run Gaussian job at cycle : 62  for image : 1

About to run QM/MM optimization cyle :62

About to run Microoptimization of geometry :1

About to run Gaussian job at cycle : 63  for image : 1

About to run QM/MM optimization cyle :63

About to run Microoptimization of geometry :1

About to run Gaussian job at cycle : 64  for image : 1

About to run QM/MM optimization cyle :64

About to run Microoptimization of geometry :1

About to run Gaussian job at cycle : 65  for image : 1

About to run QM/MM optimization cyle :65

About to run Microoptimization of geometry :1

About to run Gaussian job at cycle : 66  for image : 1

About to run QM/MM optimization cyle :66

About to run Microoptimization of geometry :1

About to run Gaussian job at cycle : 67  for image : 1

About to run QM/MM optimization cyle :67

About to run Microoptimization of geometry :1

About to run Gaussian job at cycle : 68  for image : 1

About to run QM/MM optimization cyle :68

About to run Microoptimization of geometry :1

About to run Gaussian job at cycle : 69  for image : 1

About to run QM/MM optimization cyle :69

About to run Microoptimization of geometry :1

About to run Gaussian job at cycle : 70  for image : 1

About to run QM/MM optimization cyle :70

About to run Microoptimization of geometry :1

About to run Gaussian job at cycle : 71  for image : 1

About to run QM/MM optimization cyle :71

About to run Microoptimization of geometry :1

About to run Gaussian job at cycle : 72  for image : 1

About to run QM/MM optimization cyle :72

About to run Microoptimization of geometry :1

About to run Gaussian job at cycle : 73  for image : 1

About to run QM/MM optimization cyle :73

About to run Microoptimization of geometry :1

About to run Gaussian job at cycle : 74  for image : 1

About to run QM/MM optimization cyle :74

About to run Microoptimization of geometry :1

About to run Gaussian job at cycle : 75  for image : 1

About to run QM/MM optimization cyle :75

About to run Microoptimization of geometry :1

About to run Gaussian job at cycle : 76  for image : 1

About to run QM/MM optimization cyle :76

About to run Microoptimization of geometry :1

About to run Gaussian job at cycle : 77  for image : 1

About to run QM/MM optimization cyle :77

About to run Microoptimization of geometry :1

About to run Gaussian job at cycle : 78  for image : 1

About to run QM/MM optimization cyle :78

About to run Microoptimization of geometry :1

About to run Gaussian job at cycle : 79  for image : 1

About to run QM/MM optimization cyle :79

About to run Microoptimization of geometry :1

About to run Gaussian job at cycle : 80  for image : 1

About to run QM/MM optimization cyle :80

About to run Microoptimization of geometry :1

About to run Gaussian job at cycle : 81  for image : 1

About to run QM/MM optimization cyle :81

About to run Microoptimization of geometry :1

About to run Gaussian job at cycle : 82  for image : 1

About to run QM/MM optimization cyle :82

About to run Microoptimization of geometry :1

About to run Gaussian job at cycle : 83  for image : 1

About to run QM/MM optimization cyle :83

About to run Microoptimization of geometry :1

About to run Gaussian job at cycle : 84  for image : 1

About to run QM/MM optimization cyle :84

About to run Microoptimization of geometry :1

About to run Gaussian job at cycle : 85  for image : 1

About to run QM/MM optimization cyle :85

About to run Microoptimization of geometry :1

About to run Gaussian job at cycle : 86  for image : 1

About to run QM/MM optimization cyle :86

About to run Microoptimization of geometry :1

About to run Gaussian job at cycle : 87  for image : 1

About to run QM/MM optimization cyle :87

About to run Microoptimization of geometry :1

About to run Gaussian job at cycle : 88  for image : 1

About to run QM/MM optimization cyle :88

About to run Microoptimization of geometry :1

About to run Gaussian job at cycle : 89  for image : 1

About to run QM/MM optimization cyle :89

About to run Microoptimization of geometry :1

About to run Gaussian job at cycle : 90  for image : 1

About to run QM/MM optimization cyle :90

About to run Microoptimization of geometry :1

About to run Gaussian job at cycle : 91  for image : 1

About to run QM/MM optimization cyle :91

About to run Microoptimization of geometry :1

About to run Gaussian job at cycle : 92  for image : 1

About to run QM/MM optimization cyle :92

Optimization converged

Congratulations,
  QoMMMa job ends at Fri Jul 14 03:04:35 2017

